<?xml version="1.0" encoding="UTF-8"?>
<!-- Generated by org.testng.reporters.JUnitReportReporter -->
<testsuite hostname="Pc171" name="com.rentcars.site.LocacaoOpcional" tests="1" failures="0" timestamp="7 Feb 2018 16:34:39 GMT" time="36.729" errors="0">
  <testcase name="locacaoOpcional" time="36.729" classname="com.rentcars.site.LocacaoOpcional"/>
</testsuite> <!-- com.rentcars.site.LocacaoOpcional -->
