<?xml version="1.0" encoding="UTF-8"?>
<!-- Generated by org.testng.reporters.JUnitReportReporter -->
<testsuite hostname="Pc171" name="com.rentcars.site.LocacaoTaxaRetorno" tests="1" failures="0" timestamp="7 Feb 2018 16:08:44 GMT" time="46.515" errors="0">
  <testcase name="locacaoTaxaRetorno" time="46.515" classname="com.rentcars.site.LocacaoTaxaRetorno"/>
</testsuite> <!-- com.rentcars.site.LocacaoTaxaRetorno -->
