<?xml version="1.0" encoding="UTF-8"?>
<!-- Generated by org.testng.reporters.JUnitReportReporter -->
<testsuite hostname="Pc171" name="com.rentcars.site.LocacaoNacional" tests="1" failures="0" timestamp="7 Feb 2018 11:02:39 GMT" time="45.341" errors="0">
  <testcase name="locacaoNacional" time="45.341" classname="com.rentcars.site.LocacaoNacional"/>
</testsuite> <!-- com.rentcars.site.LocacaoNacional -->
