<?xml version="1.0" encoding="UTF-8"?>
<!-- Generated by org.testng.reporters.JUnitReportReporter -->
<testsuite hostname="Pc171" name="com.rentcars.site.LocacaoHoraExcedente" tests="1" failures="0" timestamp="7 Feb 2018 15:25:46 GMT" time="41.226" errors="0">
  <testcase name="locacaoHoraExcedente" time="41.226" classname="com.rentcars.site.LocacaoHoraExcedente"/>
</testsuite> <!-- com.rentcars.site.LocacaoHoraExcedente -->
