<?xml version="1.0" encoding="UTF-8"?>
<!-- Generated by org.testng.reporters.JUnitReportReporter -->
<testsuite hostname="Pc171" name="com.rentcars.admin.LocacaoAdmin" tests="1" failures="0" timestamp="2 Feb 2018 16:18:40 GMT" time="113.534" errors="0">
  <testcase name="locacaoAdmin" time="113.534" classname="com.rentcars.admin.LocacaoAdmin"/>
</testsuite> <!-- com.rentcars.admin.LocacaoAdmin -->
