<?xml version="1.0" encoding="UTF-8"?>
<!-- Generated by org.testng.reporters.JUnitReportReporter -->
<testsuite hostname="Pc171" name="example.NewTest" tests="1" failures="0" timestamp="30 Jan 2018 12:51:50 GMT" time="15.758" errors="0">
  <testcase name="testEasy" time="15.758" classname="example.NewTest"/>
</testsuite> <!-- example.NewTest -->
