<?xml version="1.0" encoding="UTF-8"?>
<!-- Generated by org.testng.reporters.JUnitReportReporter -->
<testsuite hostname="Pc171" name="com.rentcars.site.LocacaoOpcional" tests="1" failures="0" timestamp="7 Feb 2018 17:19:11 GMT" time="40.148" errors="0">
  <testcase name="locacaoOpcional" time="40.148" classname="com.rentcars.site.LocacaoOpcional"/>
</testsuite> <!-- com.rentcars.site.LocacaoOpcional -->
