<?xml version="1.0" encoding="UTF-8"?>
<!-- Generated by org.testng.reporters.JUnitReportReporter -->
<testsuite hostname="Pc171" name="com.rentcars.site.LocacaoHoraExcedente" tests="1" failures="0" timestamp="7 Feb 2018 17:19:11 GMT" time="34.464" errors="0">
  <testcase name="locacaoHoraExcedente" time="34.464" classname="com.rentcars.site.LocacaoHoraExcedente"/>
</testsuite> <!-- com.rentcars.site.LocacaoHoraExcedente -->
