<?xml version="1.0" encoding="UTF-8"?>
<!-- Generated by org.testng.reporters.JUnitReportReporter -->
<testsuite hostname="Pc171" name="com.rentcars.site.LocacaoNacional" tests="1" failures="0" timestamp="8 Feb 2018 11:19:11 GMT" time="48.149" errors="0">
  <testcase name="locacaoNacional" time="48.149" classname="com.rentcars.site.LocacaoNacional"/>
</testsuite> <!-- com.rentcars.site.LocacaoNacional -->
